#
# This file was autogenerated by WIPACrepo/wipac-dev-py-dependencies-action
#   within a container using the user-supplied image 'skydriver'
#   using Python 3.13.
#
########################################################################
#  pip freeze
########################################################################
aiocache==0.12.3
boto3==1.36.8
botocore==1.36.8
cachetools==5.5.1
certifi==2024.12.14
cffi==1.17.1
charset-normalizer==3.4.1
cryptography==44.0.0
dacite==1.8.1
dnspython==2.7.0
durationpy==0.9
google-auth==2.38.0
humanfriendly==10.0
idna==3.10
jmespath==1.0.1
kubernetes==32.0.0
motor==3.3.2
oauthlib==3.2.2
pyasn1==0.6.1
pyasn1_modules==0.4.1
pycparser==2.22
PyJWT==2.10.1
pymongo==4.6.1
python-dateutil==2.9.0.post0
PyYAML==6.0.2
qrcode==8.0
requests==2.32.3
requests-futures==1.0.2
requests-oauthlib==2.0.0
rsa==4.9
s3transfer==0.11.2
six==1.17.0
tornado==6.4.2
typeguard==4.4.1
typing_extensions==4.12.2
urllib3==2.3.0
websocket-client==1.8.0
wipac-dev-tools==1.15.1
wipac-rest-tools==1.8.5
########################################################################
#  pipdeptree
########################################################################
cryptography==44.0.0
└── cffi [required: >=1.12, installed: 1.17.1]
    └── pycparser [required: Any, installed: 2.22]
pipdeptree==2.25.0
├── packaging [required: >=24.1, installed: 24.2]
└── pip [required: >=24.2, installed: 25.0]
skydriver-s3-sidecar-ewms-init-container
├── aiocache [required: Any, installed: 0.12.3]
├── boto3 [required: Any, installed: 1.36.8]
│   ├── botocore [required: >=1.36.8,<1.37.0, installed: 1.36.8]
│   │   ├── jmespath [required: >=0.7.1,<2.0.0, installed: 1.0.1]
│   │   ├── python-dateutil [required: >=2.1,<3.0.0, installed: 2.9.0.post0]
│   │   │   └── six [required: >=1.5, installed: 1.17.0]
│   │   └── urllib3 [required: >=1.25.4,<3,!=2.2.0, installed: 2.3.0]
│   ├── jmespath [required: >=0.7.1,<2.0.0, installed: 1.0.1]
│   └── s3transfer [required: >=0.11.0,<0.12.0, installed: 0.11.2]
│       └── botocore [required: >=1.36.0,<2.0a.0, installed: 1.36.8]
│           ├── jmespath [required: >=0.7.1,<2.0.0, installed: 1.0.1]
│           ├── python-dateutil [required: >=2.1,<3.0.0, installed: 2.9.0.post0]
│           │   └── six [required: >=1.5, installed: 1.17.0]
│           └── urllib3 [required: >=1.25.4,<3,!=2.2.0, installed: 2.3.0]
├── dacite [required: Any, installed: 1.8.1]
├── humanfriendly [required: Any, installed: 10.0]
├── kubernetes [required: Any, installed: 32.0.0]
│   ├── certifi [required: >=14.05.14, installed: 2024.12.14]
│   ├── durationpy [required: >=0.7, installed: 0.9]
│   ├── google-auth [required: >=1.0.1, installed: 2.38.0]
│   │   ├── cachetools [required: >=2.0.0,<6.0, installed: 5.5.1]
│   │   ├── pyasn1_modules [required: >=0.2.1, installed: 0.4.1]
│   │   │   └── pyasn1 [required: >=0.4.6,<0.7.0, installed: 0.6.1]
│   │   └── rsa [required: >=3.1.4,<5, installed: 4.9]
│   │       └── pyasn1 [required: >=0.1.3, installed: 0.6.1]
│   ├── oauthlib [required: >=3.2.2, installed: 3.2.2]
│   ├── python-dateutil [required: >=2.5.3, installed: 2.9.0.post0]
│   │   └── six [required: >=1.5, installed: 1.17.0]
│   ├── PyYAML [required: >=5.4.1, installed: 6.0.2]
│   ├── requests [required: Any, installed: 2.32.3]
│   │   ├── certifi [required: >=2017.4.17, installed: 2024.12.14]
│   │   ├── charset-normalizer [required: >=2,<4, installed: 3.4.1]
│   │   ├── idna [required: >=2.5,<4, installed: 3.10]
│   │   └── urllib3 [required: >=1.21.1,<3, installed: 2.3.0]
│   ├── requests-oauthlib [required: Any, installed: 2.0.0]
│   │   ├── oauthlib [required: >=3.0.0, installed: 3.2.2]
│   │   └── requests [required: >=2.0.0, installed: 2.32.3]
│   │       ├── certifi [required: >=2017.4.17, installed: 2024.12.14]
│   │       ├── charset-normalizer [required: >=2,<4, installed: 3.4.1]
│   │       ├── idna [required: >=2.5,<4, installed: 3.10]
│   │       └── urllib3 [required: >=1.21.1,<3, installed: 2.3.0]
│   ├── six [required: >=1.9.0, installed: 1.17.0]
│   ├── urllib3 [required: >=1.24.2, installed: 2.3.0]
│   └── websocket-client [required: >=0.32.0,!=0.42.*,!=0.41.*,!=0.40.0, installed: 1.8.0]
├── motor [required: ==3.3.2, installed: 3.3.2]
│   └── pymongo [required: >=4.5,<5, installed: 4.6.1]
│       └── dnspython [required: >=1.16.0,<3.0.0, installed: 2.7.0]
├── pymongo [required: ==4.6.1, installed: 4.6.1]
│   └── dnspython [required: >=1.16.0,<3.0.0, installed: 2.7.0]
├── PyYAML [required: Any, installed: 6.0.2]
├── requests [required: Any, installed: 2.32.3]
│   ├── certifi [required: >=2017.4.17, installed: 2024.12.14]
│   ├── charset-normalizer [required: >=2,<4, installed: 3.4.1]
│   ├── idna [required: >=2.5,<4, installed: 3.10]
│   └── urllib3 [required: >=1.21.1,<3, installed: 2.3.0]
├── tornado [required: Any, installed: 6.4.2]
├── typeguard [required: Any, installed: 4.4.1]
│   └── typing_extensions [required: >=4.10.0, installed: 4.12.2]
├── wipac-dev-tools [required: Any, installed: 1.15.1]
│   ├── requests [required: Any, installed: 2.32.3]
│   │   ├── certifi [required: >=2017.4.17, installed: 2024.12.14]
│   │   ├── charset-normalizer [required: >=2,<4, installed: 3.4.1]
│   │   ├── idna [required: >=2.5,<4, installed: 3.10]
│   │   └── urllib3 [required: >=1.21.1,<3, installed: 2.3.0]
│   └── typing_extensions [required: Any, installed: 4.12.2]
└── wipac-rest-tools [required: Any, installed: 1.8.5]
    ├── cachetools [required: Any, installed: 5.5.1]
    ├── PyJWT [required: !=2.6.0, installed: 2.10.1]
    ├── qrcode [required: Any, installed: 8.0]
    ├── requests [required: Any, installed: 2.32.3]
    │   ├── certifi [required: >=2017.4.17, installed: 2024.12.14]
    │   ├── charset-normalizer [required: >=2,<4, installed: 3.4.1]
    │   ├── idna [required: >=2.5,<4, installed: 3.10]
    │   └── urllib3 [required: >=1.21.1,<3, installed: 2.3.0]
    ├── requests-futures [required: Any, installed: 1.0.2]
    │   └── requests [required: >=1.2.0, installed: 2.32.3]
    │       ├── certifi [required: >=2017.4.17, installed: 2024.12.14]
    │       ├── charset-normalizer [required: >=2,<4, installed: 3.4.1]
    │       ├── idna [required: >=2.5,<4, installed: 3.10]
    │       └── urllib3 [required: >=1.21.1,<3, installed: 2.3.0]
    ├── tornado [required: Any, installed: 6.4.2]
    ├── urllib3 [required: >=2.0.4, installed: 2.3.0]
    └── wipac-dev-tools [required: Any, installed: 1.15.1]
        ├── requests [required: Any, installed: 2.32.3]
        │   ├── certifi [required: >=2017.4.17, installed: 2024.12.14]
        │   ├── charset-normalizer [required: >=2,<4, installed: 3.4.1]
        │   ├── idna [required: >=2.5,<4, installed: 3.10]
        │   └── urllib3 [required: >=1.21.1,<3, installed: 2.3.0]
        └── typing_extensions [required: Any, installed: 4.12.2]
