cryptography==41.0.4
└── cffi [required: >=1.12, installed: 1.16.0]
    └── pycparser [required: Any, installed: 2.21]
pip==23.2.1
pipdeptree==2.13.0
setuptools==65.5.1
skydriver-clientmanager
├── boto3 [required: Any, installed: 1.28.63]
│   ├── botocore [required: >=1.31.63,<1.32.0, installed: 1.31.63]
│   │   ├── jmespath [required: >=0.7.1,<2.0.0, installed: 1.0.1]
│   │   ├── python-dateutil [required: >=2.1,<3.0.0, installed: 2.8.2]
│   │   │   └── six [required: >=1.5, installed: 1.16.0]
│   │   └── urllib3 [required: >=1.25.4,<2.1, installed: 1.26.17]
│   ├── jmespath [required: >=0.7.1,<2.0.0, installed: 1.0.1]
│   └── s3transfer [required: >=0.7.0,<0.8.0, installed: 0.7.0]
│       └── botocore [required: >=1.12.36,<2.0a.0, installed: 1.31.63]
│           ├── jmespath [required: >=0.7.1,<2.0.0, installed: 1.0.1]
│           ├── python-dateutil [required: >=2.1,<3.0.0, installed: 2.8.2]
│           │   └── six [required: >=1.5, installed: 1.16.0]
│           └── urllib3 [required: >=1.25.4,<2.1, installed: 1.26.17]
├── coloredlogs [required: Any, installed: 15.0.1]
│   └── humanfriendly [required: >=9.1, installed: 10.0]
├── dacite [required: Any, installed: 1.8.1]
├── htcondor [required: Any, installed: 23.0.0]
├── kubernetes [required: Any, installed: 28.1.0]
│   ├── certifi [required: >=14.05.14, installed: 2023.7.22]
│   ├── google-auth [required: >=1.0.1, installed: 2.23.3]
│   │   ├── cachetools [required: >=2.0.0,<6.0, installed: 5.3.1]
│   │   ├── pyasn1-modules [required: >=0.2.1, installed: 0.3.0]
│   │   │   └── pyasn1 [required: >=0.4.6,<0.6.0, installed: 0.5.0]
│   │   └── rsa [required: >=3.1.4,<5, installed: 4.9]
│   │       └── pyasn1 [required: >=0.1.3, installed: 0.5.0]
│   ├── oauthlib [required: >=3.2.2, installed: 3.2.2]
│   ├── python-dateutil [required: >=2.5.3, installed: 2.8.2]
│   │   └── six [required: >=1.5, installed: 1.16.0]
│   ├── PyYAML [required: >=5.4.1, installed: 6.0.1]
│   ├── requests [required: Any, installed: 2.31.0]
│   │   ├── certifi [required: >=2017.4.17, installed: 2023.7.22]
│   │   ├── charset-normalizer [required: >=2,<4, installed: 3.3.0]
│   │   ├── idna [required: >=2.5,<4, installed: 3.4]
│   │   └── urllib3 [required: >=1.21.1,<3, installed: 1.26.17]
│   ├── requests-oauthlib [required: Any, installed: 1.3.1]
│   │   ├── oauthlib [required: >=3.0.0, installed: 3.2.2]
│   │   └── requests [required: >=2.0.0, installed: 2.31.0]
│   │       ├── certifi [required: >=2017.4.17, installed: 2023.7.22]
│   │       ├── charset-normalizer [required: >=2,<4, installed: 3.3.0]
│   │       ├── idna [required: >=2.5,<4, installed: 3.4]
│   │       └── urllib3 [required: >=1.21.1,<3, installed: 1.26.17]
│   ├── six [required: >=1.9.0, installed: 1.16.0]
│   ├── urllib3 [required: >=1.24.2,<2.0, installed: 1.26.17]
│   └── websocket-client [required: >=0.32.0,!=0.42.*,!=0.41.*,!=0.40.0, installed: 1.6.4]
├── motor [required: Any, installed: 3.3.1]
│   └── pymongo [required: >=4.5,<5, installed: 4.5.0]
│       └── dnspython [required: >=1.16.0,<3.0.0, installed: 2.4.2]
├── pymongo [required: Any, installed: 4.5.0]
│   └── dnspython [required: >=1.16.0,<3.0.0, installed: 2.4.2]
├── requests [required: Any, installed: 2.31.0]
│   ├── certifi [required: >=2017.4.17, installed: 2023.7.22]
│   ├── charset-normalizer [required: >=2,<4, installed: 3.3.0]
│   ├── idna [required: >=2.5,<4, installed: 3.4]
│   └── urllib3 [required: >=1.21.1,<3, installed: 1.26.17]
├── tornado [required: Any, installed: 6.3.3]
├── typeguard [required: Any, installed: 4.1.5]
│   └── typing-extensions [required: >=4.7.0, installed: 4.8.0]
├── wipac-dev-tools [required: Any, installed: 1.7.0]
│   ├── requests [required: Any, installed: 2.31.0]
│   │   ├── certifi [required: >=2017.4.17, installed: 2023.7.22]
│   │   ├── charset-normalizer [required: >=2,<4, installed: 3.3.0]
│   │   ├── idna [required: >=2.5,<4, installed: 3.4]
│   │   └── urllib3 [required: >=1.21.1,<3, installed: 1.26.17]
│   └── typing-extensions [required: Any, installed: 4.8.0]
└── wipac-rest-tools [required: Any, installed: 1.5.2]
    ├── cachetools [required: Any, installed: 5.3.1]
    ├── PyJWT [required: !=2.6.0, installed: 2.8.0]
    ├── qrcode [required: Any, installed: 7.4.2]
    │   ├── pypng [required: Any, installed: 0.20220715.0]
    │   └── typing-extensions [required: Any, installed: 4.8.0]
    ├── requests [required: Any, installed: 2.31.0]
    │   ├── certifi [required: >=2017.4.17, installed: 2023.7.22]
    │   ├── charset-normalizer [required: >=2,<4, installed: 3.3.0]
    │   ├── idna [required: >=2.5,<4, installed: 3.4]
    │   └── urllib3 [required: >=1.21.1,<3, installed: 1.26.17]
    ├── requests-futures [required: Any, installed: 1.0.1]
    │   └── requests [required: >=1.2.0, installed: 2.31.0]
    │       ├── certifi [required: >=2017.4.17, installed: 2023.7.22]
    │       ├── charset-normalizer [required: >=2,<4, installed: 3.3.0]
    │       ├── idna [required: >=2.5,<4, installed: 3.4]
    │       └── urllib3 [required: >=1.21.1,<3, installed: 1.26.17]
    ├── tornado [required: Any, installed: 6.3.3]
    └── wipac-dev-tools [required: Any, installed: 1.7.0]
        ├── requests [required: Any, installed: 2.31.0]
        │   ├── certifi [required: >=2017.4.17, installed: 2023.7.22]
        │   ├── charset-normalizer [required: >=2,<4, installed: 3.3.0]
        │   ├── idna [required: >=2.5,<4, installed: 3.4]
        │   └── urllib3 [required: >=1.21.1,<3, installed: 1.26.17]
        └── typing-extensions [required: Any, installed: 4.8.0]
wheel==0.41.2
